2025-04-29 12:06:42,888 [INFO] Activator:176 - 


2025-04-29 12:06:42,894 [INFO] Activator:177 - !SESSION log4j initialized
2025-04-29 12:06:50,140 [INFO] LogOutputStream:77 - [STDOUT_REDIRECT] 
2025-04-29 12:06:54,993 [INFO] ApplicationProperties:184 - Using Application install path: C:\ST\STM32CubeIDE_1.18.0\STM32CubeIDE\plugins\com.st.stm32cube.common.mx_6.14.0.202502271554
2025-04-29 12:06:55,024 [INFO] DbMcusXml:78 - Set database path to: C:\ST\STM32CubeIDE_1.18.0\STM32CubeIDE\plugins\com.st.stm32cube.common.mx_6.14.0.202502271554\\db\/mcu/
2025-04-29 12:06:55,025 [INFO] ApiDb:274 - Set plugin database path to: C:\ST\STM32CubeIDE_1.18.0\STM32CubeIDE\plugins\com.st.stm32cube.common.mx_6.14.0.202502271554\\db\/plugins/boardmanager/
2025-04-29 12:06:55,027 [WARN] ApiDb:259 - Overriding images path with different value:  => C:\ST\STM32CubeIDE_1.18.0\STM32CubeIDE\plugins\com.st.stm32cube.common.mx_6.14.0.202502271554\\db\/plugins/mcufinder/images/
2025-04-29 12:06:55,043 [INFO] ApiDb:250 - Set database path to: C:\Users\rcsi\.stmcufinder\plugins\mcufinder//mcu/
2025-04-29 12:06:55,044 [INFO] DbMcusAds:125 - Set database path to: C:\Users\rcsi\.stmcufinder\plugins\mcufinder//mcu/
2025-04-29 12:06:55,049 [INFO] CrossReferenceDbSqlite:203 - Set database path to: C:\Users\rcsi\.stmcufinder\plugins\mcufinder//mcu/cs/
2025-04-29 12:06:55,231 [INFO] RulesReader:64 - Compatibility file has been processed (301 Rules)
2025-04-29 12:06:55,367 [INFO] DbMcusXml:78 - Set database path to: C:\ST\STM32CubeIDE_1.18.0\STM32CubeIDE\plugins\com.st.stm32cube.common.mx_6.14.0.202502271554\\db\/mcu/
2025-04-29 12:06:55,367 [INFO] ApiDb:274 - Set plugin database path to: C:\ST\STM32CubeIDE_1.18.0\STM32CubeIDE\plugins\com.st.stm32cube.common.mx_6.14.0.202502271554\\db\/plugins/boardmanager/
2025-04-29 12:06:55,367 [INFO] ApiDb:261 - Set plugin images path to: C:\ST\STM32CubeIDE_1.18.0\STM32CubeIDE\plugins\com.st.stm32cube.common.mx_6.14.0.202502271554\\db\/plugins/mcufinder/images/
2025-04-29 12:06:55,367 [WARN] DbFile:41 - Overriding database path with different value: C:\Users\rcsi\.stmcufinder\plugins\mcufinder/ => C:\Users\rcsi\.stmcufinder\plugins\mcufinder
2025-04-29 12:06:55,367 [INFO] ApiDb:250 - Set database path to: C:\Users\rcsi\.stmcufinder\plugins\mcufinder//mcu/
2025-04-29 12:06:55,367 [WARN] DbFile:41 - Overriding database path with different value: C:\Users\rcsi\.stmcufinder\plugins\mcufinder/ => C:\Users\rcsi\.stmcufinder\plugins\mcufinder
2025-04-29 12:06:55,368 [INFO] DbMcusAds:125 - Set database path to: C:\Users\rcsi\.stmcufinder\plugins\mcufinder//mcu/
2025-04-29 12:06:55,368 [WARN] DbFile:41 - Overriding database path with different value: C:\Users\rcsi\.stmcufinder\plugins\mcufinder/ => C:\Users\rcsi\.stmcufinder\plugins\mcufinder
2025-04-29 12:06:55,368 [WARN] DbFile:41 - Overriding database path with different value: C:\Users\rcsi\.stmcufinder\plugins\mcufinder/ => C:\Users\rcsi\.stmcufinder\plugins\mcufinder
2025-04-29 12:06:55,368 [INFO] CrossReferenceDbSqlite:203 - Set database path to: C:\Users\rcsi\.stmcufinder\plugins\mcufinder//mcu/cs/
2025-04-29 12:06:55,477 [INFO] MainPanel:272 - HeapMemory: 268435456
2025-04-29 12:06:55,650 [INFO] DbMcusXml:78 - Set database path to: C:\ST\STM32CubeIDE_1.18.0\STM32CubeIDE\plugins\com.st.stm32cube.common.mx_6.14.0.202502271554\\db\/mcu/
2025-04-29 12:06:55,650 [INFO] ApiDb:274 - Set plugin database path to: C:\ST\STM32CubeIDE_1.18.0\STM32CubeIDE\plugins\com.st.stm32cube.common.mx_6.14.0.202502271554\\db\/plugins/boardmanager/
2025-04-29 12:06:55,650 [INFO] ApiDb:261 - Set plugin images path to: C:\ST\STM32CubeIDE_1.18.0\STM32CubeIDE\plugins\com.st.stm32cube.common.mx_6.14.0.202502271554\\db\/plugins/mcufinder/images/
2025-04-29 12:06:55,650 [WARN] DbFile:41 - Overriding database path with different value: C:\Users\rcsi\.stmcufinder\plugins\mcufinder/ => C:\Users\rcsi\.stmcufinder\plugins\mcufinder
2025-04-29 12:06:55,650 [INFO] ApiDb:250 - Set database path to: C:\Users\rcsi\.stmcufinder\plugins\mcufinder//mcu/
2025-04-29 12:06:55,650 [WARN] DbFile:41 - Overriding database path with different value: C:\Users\rcsi\.stmcufinder\plugins\mcufinder/ => C:\Users\rcsi\.stmcufinder\plugins\mcufinder
2025-04-29 12:06:55,651 [INFO] DbMcusAds:125 - Set database path to: C:\Users\rcsi\.stmcufinder\plugins\mcufinder//mcu/
2025-04-29 12:06:55,651 [WARN] DbFile:41 - Overriding database path with different value: C:\Users\rcsi\.stmcufinder\plugins\mcufinder/ => C:\Users\rcsi\.stmcufinder\plugins\mcufinder
2025-04-29 12:06:55,651 [WARN] DbFile:41 - Overriding database path with different value: C:\Users\rcsi\.stmcufinder\plugins\mcufinder/ => C:\Users\rcsi\.stmcufinder\plugins\mcufinder
2025-04-29 12:06:55,651 [INFO] CrossReferenceDbSqlite:203 - Set database path to: C:\Users\rcsi\.stmcufinder\plugins\mcufinder//mcu/cs/
2025-04-29 12:06:55,672 [INFO] ApplicationProperties:184 - Using Application install path: C:\ST\STM32CubeIDE_1.18.0\STM32CubeIDE\plugins\com.st.stm32cube.common.mx_6.14.0.202502271554
2025-04-29 12:06:55,674 [INFO] PluginManage:196 - Search for loadable plugins [exclusion list=, ]
2025-04-29 12:06:55,675 [INFO] PluginManage:310 - Check plugin analytics
2025-04-29 12:06:55,928 [INFO] AnalyticsPlugin:253 - Accepted Software Licenses: 
2025-04-29 12:06:55,929 [INFO] AnalyticsPlugin:255 - Accepted CMSIS Pack Licenses: 
2025-04-29 12:06:55,931 [INFO] AnalyticsPlugin:257 - Accepted Firmware Licenses: 
2025-04-29 12:06:55,937 [INFO] PluginManage:359 - Loaded plugin analytics (category:tool,tabindex:-1)
2025-04-29 12:06:55,938 [INFO] PluginManage:310 - Check plugin cadmodel
2025-04-29 12:06:55,946 [INFO] CADModel:105 - Init CAD model plugin
2025-04-29 12:06:55,947 [INFO] PluginManage:359 - Loaded plugin cadmodel (category:power,tabindex:5)
2025-04-29 12:06:55,948 [INFO] PluginManage:310 - Check plugin clock
2025-04-29 12:06:55,972 [INFO] PluginManage:359 - Loaded plugin clock (category:base,tabindex:2)
2025-04-29 12:06:55,973 [INFO] PluginManage:310 - Check plugin ddr
2025-04-29 12:06:55,976 [INFO] PluginManage:359 - Loaded plugin ddr (category:tool,tabindex:6)
2025-04-29 12:06:55,977 [INFO] PluginManage:310 - Check plugin filemanager
2025-04-29 12:06:56,202 [INFO] PluginManage:359 - Loaded plugin filemanager (category:base,tabindex:10)
2025-04-29 12:06:56,202 [INFO] PluginManage:310 - Check plugin ipmanager
2025-04-29 12:06:56,211 [INFO] PluginManage:359 - Loaded plugin ipmanager (category:base,tabindex:5)
2025-04-29 12:06:56,211 [INFO] PluginManage:310 - Check plugin lpbam
2025-04-29 12:06:56,226 [INFO] PluginManage:359 - Loaded plugin lpbam (category:base,tabindex:0)
2025-04-29 12:06:56,226 [INFO] PluginManage:310 - Check plugin memorymap
2025-04-29 12:06:56,251 [INFO] PluginManage:359 - Loaded plugin memorymap (category:base,tabindex:4)
2025-04-29 12:06:56,251 [INFO] PluginManage:310 - Check plugin pinoutandconfiguration
2025-04-29 12:06:56,261 [INFO] PluginManage:359 - Loaded plugin pinoutandconfiguration (category:base,tabindex:1)
2025-04-29 12:06:56,261 [INFO] PluginManage:310 - Check plugin pinoutconfig
2025-04-29 12:06:56,394 [WARN] SupportedApi:132 - Cannot load RTOS API schema: s4s-elt-must-match.1: The content of 'definitions' must match (annotation?, (simpleType | complexType)?, (unique | key | keyref)*)). A problem was found starting at: attribute.
2025-04-29 12:06:56,607 [INFO] PluginManage:359 - Loaded plugin pinoutconfig (category:base,tabindex:0)
2025-04-29 12:06:56,607 [INFO] PluginManage:310 - Check plugin power
2025-04-29 12:06:56,626 [INFO] PluginManage:359 - Loaded plugin power (category:power,tabindex:4)
2025-04-29 12:06:56,627 [INFO] PluginManage:310 - Check plugin projectmanager
2025-04-29 12:06:56,650 [INFO] PluginManage:359 - Loaded plugin projectmanager (category:projectmanager,tabindex:4)
2025-04-29 12:06:56,651 [INFO] PluginManage:310 - Check plugin rif
2025-04-29 12:06:56,658 [INFO] PluginManage:359 - Loaded plugin rif (category:base,tabindex:3)
2025-04-29 12:06:56,659 [INFO] PluginManage:310 - Check plugin thirdparty
2025-04-29 12:06:56,868 [INFO] PluginManage:359 - Loaded plugin thirdparty (category:base,tabindex:-1)
2025-04-29 12:06:56,868 [INFO] PluginManage:310 - Check plugin tools
2025-04-29 12:06:56,868 [WARN] IntegrityCheckThread:84 - waiting for thirdparty lock release [integrity check]
2025-04-29 12:06:56,869 [INFO] IntegrityCheckThread:86 - entering critical section [integrity check]
2025-04-29 12:06:56,869 [INFO] ThirdPartyUpdaterWithRetryManager:70 - Updater plugin not ready yet. [1/15]
2025-04-29 12:06:56,872 [INFO] PluginManage:359 - Loaded plugin tools (category:base,tabindex:7)
2025-04-29 12:06:56,872 [INFO] PluginManage:310 - Check plugin tutovideos
2025-04-29 12:06:57,134 [INFO] PluginManage:359 - Loaded plugin tutovideos (category:base,tabindex:-1)
2025-04-29 12:06:57,134 [INFO] PluginManage:310 - Check plugin updater
2025-04-29 12:06:57,183 [INFO] PluginManage:359 - Loaded plugin updater (category:base,tabindex:12)
2025-04-29 12:06:57,184 [INFO] PluginManage:310 - Check plugin userauth
2025-04-29 12:06:57,190 [INFO] UserAuth:118 - Init User Auth plugin
2025-04-29 12:06:57,191 [INFO] PluginManage:359 - Loaded plugin userauth (category:base,tabindex:14)
2025-04-29 12:06:57,192 [INFO] PluginManage:283 - PluginManage : Loaded plugins [18]
2025-04-29 12:06:57,455 [INFO] PinOutPanel:1589 - setPackage(No Configuration,No Configuration)
2025-04-29 12:06:57,555 [INFO] CADModel:165 - CPN selected for project level
2025-04-29 12:06:57,555 [INFO] CADModel:114 - Register for checkConnection events
2025-04-29 12:06:57,585 [INFO] IPUIPlugin:80 - create IPUIPlugin
2025-04-29 12:06:57,585 [INFO] PluginManager:220 - loadIPPluginJar : add adc
2025-04-29 12:06:57,589 [INFO] IPUIPlugin:80 - create IPUIPlugin
2025-04-29 12:06:57,589 [INFO] PluginManager:220 - loadIPPluginJar : add aes
2025-04-29 12:06:57,594 [INFO] IPUIPlugin:80 - create IPUIPlugin
2025-04-29 12:06:57,594 [INFO] PluginManager:220 - loadIPPluginJar : add can
2025-04-29 12:06:57,599 [INFO] IPUIPlugin:80 - create IPUIPlugin
2025-04-29 12:06:57,599 [INFO] PluginManager:220 - loadIPPluginJar : add comp
2025-04-29 12:06:57,603 [INFO] IPUIPlugin:80 - create IPUIPlugin
2025-04-29 12:06:57,603 [INFO] PluginManager:220 - loadIPPluginJar : add cryp
2025-04-29 12:06:57,609 [INFO] IPUIPlugin:80 - create IPUIPlugin
2025-04-29 12:06:57,609 [INFO] PluginManager:220 - loadIPPluginJar : add ddr_ctrl_phy
2025-04-29 12:06:57,616 [INFO] IPUIPlugin:80 - create IPUIPlugin
2025-04-29 12:06:57,616 [INFO] PluginManager:220 - loadIPPluginJar : add dfsdm
2025-04-29 12:06:57,622 [INFO] IPUIPlugin:80 - create IPUIPlugin
2025-04-29 12:06:57,623 [INFO] PluginManager:220 - loadIPPluginJar : add dma
2025-04-29 12:06:57,627 [INFO] IPUIPlugin:80 - create IPUIPlugin
2025-04-29 12:06:57,627 [INFO] PluginManager:220 - loadIPPluginJar : add dma3
2025-04-29 12:06:57,633 [INFO] IPUIPlugin:80 - create IPUIPlugin
2025-04-29 12:06:57,633 [INFO] PluginManager:220 - loadIPPluginJar : add extmemmanager
2025-04-29 12:06:57,635 [INFO] IPUIPlugin:80 - create IPUIPlugin
2025-04-29 12:06:57,635 [INFO] PluginManager:220 - loadIPPluginJar : add fatfs
2025-04-29 12:06:57,642 [INFO] IPUIPlugin:80 - create IPUIPlugin
2025-04-29 12:06:57,642 [INFO] PluginManager:220 - loadIPPluginJar : add fmc
2025-04-29 12:06:57,651 [INFO] IPUIPlugin:80 - create IPUIPlugin
2025-04-29 12:06:57,651 [INFO] PluginManager:220 - loadIPPluginJar : add freertos
2025-04-29 12:06:57,654 [INFO] IPUIPlugin:80 - create IPUIPlugin
2025-04-29 12:06:57,654 [INFO] PluginManager:220 - loadIPPluginJar : add genericplugin
2025-04-29 12:06:57,657 [INFO] IPUIPlugin:80 - create IPUIPlugin
2025-04-29 12:06:57,658 [INFO] PluginManager:220 - loadIPPluginJar : add gfxmmu
2025-04-29 12:06:57,667 [INFO] IPUIPlugin:80 - create IPUIPlugin
2025-04-29 12:06:57,667 [INFO] PluginManager:220 - loadIPPluginJar : add gic
2025-04-29 12:06:57,673 [INFO] IPUIPlugin:80 - create IPUIPlugin
2025-04-29 12:06:57,673 [INFO] PluginManager:220 - loadIPPluginJar : add gpio
2025-04-29 12:06:57,677 [INFO] IPUIPlugin:80 - create IPUIPlugin
2025-04-29 12:06:57,677 [INFO] PluginManager:220 - loadIPPluginJar : add gtzc
2025-04-29 12:06:57,684 [INFO] IPUIPlugin:80 - create IPUIPlugin
2025-04-29 12:06:57,685 [INFO] PluginManager:220 - loadIPPluginJar : add hash
2025-04-29 12:06:57,689 [INFO] IPUIPlugin:80 - create IPUIPlugin
2025-04-29 12:06:57,689 [INFO] PluginManager:220 - loadIPPluginJar : add i2c
2025-04-29 12:06:57,693 [INFO] IPUIPlugin:80 - create IPUIPlugin
2025-04-29 12:06:57,693 [INFO] PluginManager:220 - loadIPPluginJar : add i2s
2025-04-29 12:06:57,700 [INFO] IPUIPlugin:80 - create IPUIPlugin
2025-04-29 12:06:57,701 [INFO] PluginManager:220 - loadIPPluginJar : add i3c
2025-04-29 12:06:57,706 [INFO] IPUIPlugin:80 - create IPUIPlugin
2025-04-29 12:06:57,707 [INFO] PluginManager:220 - loadIPPluginJar : add ipddr
2025-04-29 12:06:57,718 [INFO] IPUIPlugin:80 - create IPUIPlugin
2025-04-29 12:06:57,719 [INFO] PluginManager:220 - loadIPPluginJar : add linkedlist
2025-04-29 12:06:57,723 [INFO] IPUIPlugin:80 - create IPUIPlugin
2025-04-29 12:06:57,723 [INFO] PluginManager:220 - loadIPPluginJar : add lorawan
2025-04-29 12:06:57,726 [INFO] IPUIPlugin:80 - create IPUIPlugin
2025-04-29 12:06:57,726 [INFO] PluginManager:220 - loadIPPluginJar : add ltdc
2025-04-29 12:06:57,737 [INFO] IPUIPlugin:80 - create IPUIPlugin
2025-04-29 12:06:57,737 [INFO] PluginManager:220 - loadIPPluginJar : add mdma
2025-04-29 12:06:57,742 [INFO] IPUIPlugin:80 - create IPUIPlugin
2025-04-29 12:06:57,742 [INFO] PluginManager:220 - loadIPPluginJar : add nvic
2025-04-29 12:06:57,748 [INFO] IPUIPlugin:80 - create IPUIPlugin
2025-04-29 12:06:57,749 [INFO] PluginManager:220 - loadIPPluginJar : add opamp
2025-04-29 12:06:57,753 [INFO] IPUIPlugin:80 - create IPUIPlugin
2025-04-29 12:06:57,753 [INFO] PluginManager:220 - loadIPPluginJar : add openamp
2025-04-29 12:06:57,757 [INFO] IPUIPlugin:80 - create IPUIPlugin
2025-04-29 12:06:57,757 [INFO] PluginManager:220 - loadIPPluginJar : add pdm2pcm
2025-04-29 12:06:57,766 [INFO] IPUIPlugin:80 - create IPUIPlugin
2025-04-29 12:06:57,769 [INFO] PluginManager:220 - loadIPPluginJar : add plateformsettings
2025-04-29 12:06:57,771 [INFO] IPUIPlugin:80 - create IPUIPlugin
2025-04-29 12:06:57,772 [INFO] PluginManager:220 - loadIPPluginJar : add quadspi
2025-04-29 12:06:57,774 [INFO] IPUIPlugin:80 - create IPUIPlugin
2025-04-29 12:06:57,775 [INFO] PluginManager:220 - loadIPPluginJar : add radio
2025-04-29 12:06:57,780 [INFO] IPUIPlugin:80 - create IPUIPlugin
2025-04-29 12:06:57,781 [INFO] PluginManager:220 - loadIPPluginJar : add resmgrutility
2025-04-29 12:06:57,784 [INFO] IPUIPlugin:80 - create IPUIPlugin
2025-04-29 12:06:57,784 [INFO] PluginManager:220 - loadIPPluginJar : add sai
2025-04-29 12:06:57,787 [INFO] IPUIPlugin:80 - create IPUIPlugin
2025-04-29 12:06:57,787 [INFO] PluginManager:220 - loadIPPluginJar : add spi
2025-04-29 12:06:57,794 [INFO] IPUIPlugin:80 - create IPUIPlugin
2025-04-29 12:06:57,795 [INFO] PluginManager:220 - loadIPPluginJar : add stm32_wpan
2025-04-29 12:06:57,798 [INFO] IPUIPlugin:80 - create IPUIPlugin
2025-04-29 12:06:57,799 [INFO] PluginManager:220 - loadIPPluginJar : add tim
2025-04-29 12:06:57,803 [INFO] IPUIPlugin:80 - create IPUIPlugin
2025-04-29 12:06:57,803 [INFO] PluginManager:220 - loadIPPluginJar : add touchsensing
2025-04-29 12:06:57,806 [INFO] IPUIPlugin:80 - create IPUIPlugin
2025-04-29 12:06:57,806 [INFO] PluginManager:220 - loadIPPluginJar : add tracer_emb
2025-04-29 12:06:57,809 [INFO] IPUIPlugin:80 - create IPUIPlugin
2025-04-29 12:06:57,809 [INFO] PluginManager:220 - loadIPPluginJar : add ts
2025-04-29 12:06:57,812 [INFO] IPUIPlugin:80 - create IPUIPlugin
2025-04-29 12:06:57,813 [INFO] PluginManager:220 - loadIPPluginJar : add tsc
2025-04-29 12:06:57,817 [INFO] IPUIPlugin:80 - create IPUIPlugin
2025-04-29 12:06:57,817 [INFO] PluginManager:220 - loadIPPluginJar : add ucpd
2025-04-29 12:06:57,821 [INFO] IPUIPlugin:80 - create IPUIPlugin
2025-04-29 12:06:57,821 [INFO] PluginManager:220 - loadIPPluginJar : add usart
2025-04-29 12:06:57,826 [INFO] IPUIPlugin:80 - create IPUIPlugin
2025-04-29 12:06:57,826 [INFO] PluginManager:220 - loadIPPluginJar : add usbx
2025-04-29 12:06:57,973 [FATAL] Updater:351 - Updater called before beeing initialized
2025-04-29 12:06:58,009 [INFO] RulesReader:64 - Compatibility file has been processed (301 Rules)
2025-04-29 12:06:58,022 [INFO] RulesReader:64 - Compatibility file has been processed (301 Rules)
2025-04-29 12:06:58,037 [INFO] CADModel:165 - CPN selected for project level
2025-04-29 12:06:58,037 [INFO] CADModel:114 - Register for checkConnection events
2025-04-29 12:06:58,037 [FATAL] Updater:351 - Updater called before beeing initialized
2025-04-29 12:06:58,037 [ERROR] CADModel:125 - Updater not yet initialized, retry later 
2025-04-29 12:06:58,274 [FATAL] Updater:351 - Updater called before beeing initialized
2025-04-29 12:06:58,278 [INFO] CADModel:165 - CPN selected for project level
2025-04-29 12:06:58,279 [INFO] CADModel:114 - Register for checkConnection events
2025-04-29 12:06:58,279 [FATAL] Updater:351 - Updater called before beeing initialized
2025-04-29 12:06:58,279 [ERROR] CADModel:125 - Updater not yet initialized, retry later 
2025-04-29 12:06:58,288 [FATAL] Updater:351 - Updater called before beeing initialized
2025-04-29 12:06:58,489 [FATAL] Updater:351 - Updater called before beeing initialized
2025-04-29 12:06:58,498 [INFO] DbMcusAds:53 - JSON generation date=Thu Mar 06 17:54:22 MSK 2025 (1741272862204)
2025-04-29 12:06:58,499 [FATAL] Updater:351 - Updater called before beeing initialized
2025-04-29 12:06:58,565 [WARN] DetailPanel:346 - Failed to get advertising image, set to default
2025-04-29 12:06:58,841 [FATAL] Updater:351 - Updater called before beeing initialized
2025-04-29 12:06:58,842 [FATAL] Updater:351 - Updater called before beeing initialized
2025-04-29 12:06:58,843 [FATAL] Updater:351 - Updater called before beeing initialized
2025-04-29 12:06:58,843 [WARN] DetailPanel:346 - Failed to get advertising image, set to default
2025-04-29 12:06:58,844 [FATAL] Updater:351 - Updater called before beeing initialized
2025-04-29 12:06:58,916 [ERROR] Updater:1198 - MainUpdater not yet initialized. External WinMGr cannot be set.
2025-04-29 12:06:58,919 [INFO] Updater:1134 - Updater Version found : 6.14.0
2025-04-29 12:06:58,950 [INFO] ApplicationProperties:184 - Using Application install path: C:\ST\STM32CubeIDE_1.18.0\STM32CubeIDE\plugins\com.st.stm32cube.common.mx_6.14.0.202502271554
2025-04-29 12:06:59,870 [INFO] ThirdPartyUpdaterWithRetryManager:70 - Updater plugin not ready yet. [2/15]
2025-04-29 12:07:00,527 [ERROR] LogOutputStream:75 - [STDERR_REDIRECT] Apr 29, 2025 12:07:00 PM java.util.prefs.WindowsPreferences <init>
2025-04-29 12:07:00,530 [ERROR] LogOutputStream:75 - [STDERR_REDIRECT] WARNING: Could not open/create prefs root node Software\JavaSoft\Prefs at root 0xffffffff80000002. Windows RegCreateKeyEx(...) returned error code 5.
2025-04-29 12:07:00,531 [ERROR] LogOutputStream:75 - [STDERR_REDIRECT] 
2025-04-29 12:07:01,041 [ERROR] CheckConnectionManager:249 - Problem, Http access forbiden
2025-04-29 12:07:01,048 [INFO] MainUpdater:2872 - connection check result : 22
2025-04-29 12:07:01,049 [INFO] MainUpdater:289 - Updater Check For Update Now.
2025-04-29 12:07:01,050 [INFO] MicroXplorer:498 - Change Database Version : DB.6.0.140
2025-04-29 12:07:01,060 [INFO] McuFinderGlobals:63 - Set McuFinder mode to 2 (CubeIDE integrated)
2025-04-29 12:07:01,062 [INFO] UserAuth:486 - Internet connection configuration mode: 2
2025-04-29 12:07:01,068 [INFO] UserAuth:486 - Internet connection configuration mode: 2
2025-04-29 12:07:01,280 [INFO] CheckServerUpdateThread:120 - End of CheckServer Thread
2025-04-29 12:07:03,258 [WARN] PackLoader:240 - Cannot read IP mode file for STMicroelectronics.FP-SNS-MOTENVWB1.1.4.0
2025-04-29 12:07:03,275 [WARN] PackLoader:240 - Cannot read IP mode file for STMicroelectronics.FP-ATR-ASTRA1.2.0.2
2025-04-29 12:07:03,292 [WARN] PackLoader:240 - Cannot read IP mode file for STMicroelectronics.X-CUBE-SMBUS.2.1.0
2025-04-29 12:07:03,311 [WARN] PackLoader:240 - Cannot read IP mode file for STMicroelectronics.X-CUBE-WB05N.1.1.0
2025-04-29 12:07:03,357 [WARN] PackLoader:240 - Cannot read IP mode file for STMicroelectronics.X-CUBE-AZRTOS-F7.1.1.0
2025-04-29 12:07:03,416 [WARN] PackLoader:240 - Cannot read IP mode file for Infineon.AIROC-Wi-Fi-Bluetooth-STM32.1.7.0
2025-04-29 12:07:03,479 [WARN] PackLoader:240 - Cannot read IP mode file for STMicroelectronics.X-CUBE-DISPLAY.3.0.0
2025-04-29 12:07:03,498 [WARN] PackLoader:240 - Cannot read IP mode file for STMicroelectronics.X-CUBE-NFC10.1.0.0
2025-04-29 12:07:03,541 [WARN] PackLoader:240 - Cannot read IP mode file for STMicroelectronics.X-CUBE-BLEMGR.4.0.0
2025-04-29 12:07:03,553 [WARN] PackLoader:240 - Cannot read IP mode file for emotas.I-CUBE-CANOPEN.1.3.0
2025-04-29 12:07:03,560 [WARN] ConditionMgr:438 - getConditionDescription Invalid condition id : Cortex-A Device cause : null
2025-04-29 12:07:03,594 [WARN] ConditionMgr:1044 - genDependencies : Invalid condition id : Cortex-A Device cause : null
2025-04-29 12:07:03,594 [WARN] ConditionMgr:1044 - genDependencies : Invalid condition id : Cortex-A Device cause : null
2025-04-29 12:07:03,596 [WARN] ConditionMgr:1044 - genDependencies : Invalid condition id : Cortex-A Device cause : null
2025-04-29 12:07:03,603 [WARN] PackLoader:240 - Cannot read IP mode file for STMicroelectronics.X-CUBE-AI.10.0.0
2025-04-29 12:07:03,612 [WARN] PackLoader:240 - Cannot read IP mode file for STMicroelectronics.FP-SNS-SMARTAG2.1.2.0
2025-04-29 12:07:03,622 [WARN] PackLoader:240 - Cannot read IP mode file for STMicroelectronics.FP-SNS-FLIGHT1.5.1.0
2025-04-29 12:07:03,700 [WARN] PackLoader:240 - Cannot read IP mode file for STMicroelectronics.X-CUBE-MEMS1.11.1.0
2025-04-29 12:07:03,943 [INFO] LogOutputStream:77 - [STDOUT_REDIRECT] 1 : Invalid condition id : UX_CORESTACK_Condition cause : null
2025-04-29 12:07:03,945 [INFO] LogOutputStream:77 - [STDOUT_REDIRECT] 1 : Invalid condition id : UX_CORESTACK_Condition cause : null
2025-04-29 12:07:03,949 [INFO] LogOutputStream:77 - [STDOUT_REDIRECT] 1 : Invalid condition id : UX_CORESTACK_Condition cause : null
2025-04-29 12:07:03,950 [INFO] LogOutputStream:77 - [STDOUT_REDIRECT] 1 : Invalid condition id : UX_CORESTACK_Condition cause : null
2025-04-29 12:07:03,951 [INFO] LogOutputStream:77 - [STDOUT_REDIRECT] 1 : Invalid condition id : UX_CORESTACK_Condition cause : null
2025-04-29 12:07:03,954 [WARN] PackLoader:240 - Cannot read IP mode file for STMicroelectronics.X-CUBE-AZRTOS-WL.2.0.0
2025-04-29 12:07:03,964 [WARN] PackLoader:240 - Cannot read IP mode file for STMicroelectronics.FP-SNS-MOTENV1.5.0.0
2025-04-29 12:07:03,973 [WARN] PackLoader:240 - Cannot read IP mode file for WES.I-CUBE-Cesium.1.3.0
2025-04-29 12:07:03,980 [WARN] PackLoader:240 - Cannot read IP mode file for STMicroelectronics.X-CUBE-BLE2.3.3.0
2025-04-29 12:07:03,987 [WARN] PackLoader:240 - Cannot read IP mode file for STMicroelectronics.X-CUBE-NFC9.1.0.0
2025-04-29 12:07:03,994 [WARN] PackLoader:240 - Cannot read IP mode file for STMicroelectronics.X-CUBE-BLE1.7.1.0
2025-04-29 12:07:04,001 [WARN] PackLoader:240 - Cannot read IP mode file for wolfSSL.I-CUBE-wolfMQTT.1.19.2
2025-04-29 12:07:04,054 [WARN] PackLoader:240 - Cannot read IP mode file for STMicroelectronics.X-CUBE-MEMS1.11.2.0
2025-04-29 12:07:04,284 [WARN] PackLoader:240 - Cannot read IP mode file for STMicroelectronics.X-CUBE-AZRTOS-G0.1.1.0
2025-04-29 12:07:04,292 [WARN] PackLoader:240 - Cannot read IP mode file for STMicroelectronics.X-CUBE-SAFEA1.1.2.2
2025-04-29 12:07:04,301 [WARN] PackLoader:240 - Cannot read IP mode file for STMicroelectronics.X-CUBE-NFC4.3.0.0
2025-04-29 12:07:04,312 [WARN] PackLoader:240 - Cannot read IP mode file for EmbeddedOffice.I-CUBE-FS-RTOS.1.0.1
2025-04-29 12:07:04,319 [WARN] PackLoader:240 - Cannot read IP mode file for STMicroelectronics.X-CUBE-WB05N.2.0.0
2025-04-29 12:07:04,324 [WARN] PackLoader:240 - Cannot read IP mode file for wolfSSL.I-CUBE-wolfTPM.3.8.0
2025-04-29 12:07:04,334 [WARN] PackLoader:240 - Cannot read IP mode file for STMicroelectronics.X-CUBE-TCPP.4.2.0
2025-04-29 12:07:04,341 [WARN] PackLoader:240 - Cannot read IP mode file for RealThread.X-CUBE-RT-Thread_Nano.4.1.1
2025-04-29 12:07:04,349 [WARN] PackLoader:240 - Cannot read IP mode file for STMicroelectronics.FP-ATR-SIGFOX1.3.2.0
2025-04-29 12:07:04,356 [WARN] PackLoader:240 - Cannot read IP mode file for STMicroelectronics.X-CUBE-EEPRMA1.5.1.0
2025-04-29 12:07:04,365 [WARN] PackLoader:240 - Cannot read IP mode file for wolfSSL.I-CUBE-wolfSSL.5.7.6
2025-04-29 12:07:04,371 [WARN] PackLoader:240 - Cannot read IP mode file for ITTIA_DB.I-CUBE-ITTIADB.8.9.0
2025-04-29 12:07:04,416 [WARN] PackLoader:240 - Cannot read IP mode file for SEGGER.I-CUBE-embOS.1.3.1
2025-04-29 12:07:04,473 [WARN] PackLoader:240 - Cannot read IP mode file for STMicroelectronics.X-CUBE-ALGOBUILD.1.4.0
2025-04-29 12:07:04,522 [WARN] PackLoader:240 - Cannot read IP mode file for STMicroelectronics.X-CUBE-AZRTOS-F4.1.1.0
2025-04-29 12:07:04,537 [WARN] PackLoader:240 - Cannot read IP mode file for Avnet-IotConnect.X-CUBE-IoTC-DA16k-PMOD.1.0.0
2025-04-29 12:07:04,551 [WARN] PackLoader:240 - Cannot read IP mode file for STMicroelectronics.X-CUBE-ISPU.2.1.0
2025-04-29 12:07:04,585 [WARN] PackLoader:240 - Cannot read IP mode file for STMicroelectronics.X-CUBE-AZRTOS-L5.2.0.0
2025-04-29 12:07:04,598 [WARN] PackLoader:240 - Cannot read IP mode file for STMicroelectronics.X-CUBE-NFC6.3.1.0
2025-04-29 12:07:04,607 [WARN] PackLoader:240 - Cannot read IP mode file for STMicroelectronics.X-CUBE-DPower.1.2.0
2025-04-29 12:07:04,616 [WARN] PackLoader:240 - Cannot read IP mode file for STMicroelectronics.X-CUBE-FREERTOS.1.3.0
2025-04-29 12:07:04,623 [WARN] PackLoader:240 - Cannot read IP mode file for STMicroelectronics.X-CUBE-NFC7.1.0.1
2025-04-29 12:07:04,635 [WARN] PackLoader:240 - Cannot read IP mode file for STMicroelectronics.X-CUBE-DPower.1.3.0
2025-04-29 12:07:04,668 [WARN] ConditionMgr:438 - getConditionDescription Invalid condition id : LAN8742 Phy interface Condition cause : null
2025-04-29 12:07:04,669 [WARN] PackLoader:240 - Cannot read IP mode file for STMicroelectronics.X-CUBE-AZRTOS-L4.2.0.0
2025-04-29 12:07:04,671 [WARN] ConditionMgr:1044 - genDependencies : Invalid condition id : LAN8742 Phy interface Condition cause : null
2025-04-29 12:07:04,671 [WARN] ConditionMgr:1044 - genDependencies : Invalid condition id : LAN8742 Phy interface Condition cause : null
2025-04-29 12:07:04,672 [WARN] ConditionMgr:1044 - genDependencies : Invalid condition id : LAN8742 Phy interface Condition cause : null
2025-04-29 12:07:04,685 [WARN] PackLoader:240 - Cannot read IP mode file for STMicroelectronics.X-CUBE-SFXS2LP1.4.0.0
2025-04-29 12:07:04,720 [WARN] PackLoader:240 - Cannot read IP mode file for STMicroelectronics.X-CUBE-AZRTOS-H7.3.3.0
2025-04-29 12:07:04,742 [WARN] ConditionMgr:438 - getConditionDescription Invalid condition id : UX DEVICE CLASS RTOS Condition cause : null
2025-04-29 12:07:04,748 [WARN] ConditionMgr:438 - getConditionDescription Invalid condition id : UX DEVICE CLASS RTOS Condition cause : null
2025-04-29 12:07:04,761 [WARN] PackLoader:240 - Cannot read IP mode file for STMicroelectronics.X-CUBE-AZRTOS-WB.2.0.0
2025-04-29 12:07:04,774 [WARN] ConditionMgr:1044 - genDependencies : Invalid condition id : UX DEVICE CLASS RTOS Condition cause : null
2025-04-29 12:07:04,774 [WARN] ConditionMgr:1044 - genDependencies : Invalid condition id : UX DEVICE CLASS RTOS Condition cause : null
2025-04-29 12:07:04,775 [WARN] ConditionMgr:1044 - genDependencies : Invalid condition id : UX DEVICE CLASS RTOS Condition cause : null
2025-04-29 12:07:04,775 [WARN] ConditionMgr:1044 - genDependencies : Invalid condition id : UX DEVICE CLASS RTOS Condition cause : null
2025-04-29 12:07:04,776 [WARN] ConditionMgr:1044 - genDependencies : Invalid condition id : UX DEVICE CLASS RTOS Condition cause : null
2025-04-29 12:07:04,788 [WARN] PackLoader:240 - Cannot read IP mode file for STMicroelectronics.X-CUBE-GNSS1.7.0.1
2025-04-29 12:07:04,800 [WARN] PackLoader:240 - Cannot read IP mode file for STMicroelectronics.X-CUBE-TOUCHGFX.4.25.0
2025-04-29 12:07:04,813 [WARN] PackLoader:240 - Cannot read IP mode file for STMicroelectronics.FP-SNS-STBOX1.2.0.0
2025-04-29 12:07:04,825 [WARN] PackLoader:240 - Cannot read IP mode file for STMicroelectronics.X-CUBE-SUBG2.5.0.0
2025-04-29 12:07:04,856 [WARN] PackLoader:240 - Cannot read IP mode file for STMicroelectronics.X-CUBE-AZRTOS-H7RS.1.1.0
2025-04-29 12:07:04,868 [WARN] PackLoader:240 - Cannot read IP mode file for Cesanta.I-CUBE-Mongoose.7.13.0
2025-04-29 12:07:04,889 [WARN] PackLoader:240 - Cannot read IP mode file for STMicroelectronics.X-CUBE-AZRTOS-G4.2.0.0
2025-04-29 12:07:04,900 [WARN] PackLoader:240 - Cannot read IP mode file for wolfSSL.I-CUBE-wolfSSH.1.4.20
2025-04-29 12:07:04,921 [WARN] PackLoader:240 - Cannot read IP mode file for STMicroelectronics.X-CUBE-IPS.3.1.0
2025-04-29 12:07:04,936 [WARN] PackLoader:240 - Cannot read IP mode file for STMicroelectronics.X-CUBE-ALS.1.0.2
2025-04-29 12:07:04,949 [WARN] PackLoader:240 - Cannot read IP mode file for portGmbH.I-Cube-SoM-uGOAL.1.1.0
2025-04-29 12:07:04,961 [WARN] PackLoader:240 - Cannot read IP mode file for STMicroelectronics.X-CUBE-TOF1.3.4.2
2025-04-29 12:07:04,987 [WARN] PackLoader:240 - Cannot read IP mode file for STMicroelectronics.X-CUBE-TOF1.3.4.3
2025-04-29 12:07:05,000 [INFO] ThirdParty:978 - Integrity check success = true
2025-04-29 12:07:05,000 [INFO] IntegrityCheckThread:100 - exiting critical section [integrity check]
2025-04-29 12:07:05,000 [INFO] IntegrityCheckThread:103 - End integrity checks thread
