14:00:12 **** Incremental Build of configuration Debug for project portu ****
make -j8 all 
arm-none-eabi-gcc "../Core/Src/main.c" -mcpu=cortex-m4 -std=gnu11 -g3 -DDEBUG -DUSE_HAL_DRIVER -DSTM32F411xE -c -I../Core/Inc -I../Drivers/STM32F4xx_HAL_Driver/Inc -I../Drivers/STM32F4xx_HAL_Driver/Inc/Legacy -I../Drivers/CMSIS/Device/ST/STM32F4xx/Include -I../Drivers/CMSIS/Include -O0 -ffunction-sections -fdata-sections -Wall -fstack-usage -fcyclomatic-complexity -MMD -MP -MF"Core/Src/main.d" -MT"Core/Src/main.o" --specs=nano.specs -mfpu=fpv4-sp-d16 -mfloat-abi=hard -mthumb -o "Core/Src/main.o"
arm-none-eabi-gcc "../Core/Src/secure_uart.c" -mcpu=cortex-m4 -std=gnu11 -g3 -DDEBUG -DUSE_HAL_DRIVER -DSTM32F411xE -c -I../Core/Inc -I../Drivers/STM32F4xx_HAL_Driver/Inc -I../Drivers/STM32F4xx_HAL_Driver/Inc/Legacy -I../Drivers/CMSIS/Device/ST/STM32F4xx/Include -I../Drivers/CMSIS/Include -O0 -ffunction-sections -fdata-sections -Wall -fstack-usage -fcyclomatic-complexity -MMD -MP -MF"Core/Src/secure_uart.d" -MT"Core/Src/secure_uart.o" --specs=nano.specs -mfpu=fpv4-sp-d16 -mfloat-abi=hard -mthumb -o "Core/Src/secure_uart.o"
../Core/Src/main.c: In function 'HAL_UART_TxCpltCallback':
../Core/Src/main.c:295:21: error: incompatible type for argument 1 of 'HAL_UART_Transmit'
  295 |   HAL_UART_Transmit(huart2, (uint8_t*)debug_msg, strlen(debug_msg), 100);
      |                     ^~~~~~
      |                     |
      |                     UART_HandleTypeDef {aka struct __UART_HandleTypeDef}
In file included from ../Core/Inc/stm32f4xx_hal_conf.h:411,
                 from ../Drivers/STM32F4xx_HAL_Driver/Inc/stm32f4xx_hal.h:29,
                 from ../Core/Inc/main.h:30,
                 from ../Core/Src/main.c:10:
../Drivers/STM32F4xx_HAL_Driver/Inc/stm32f4xx_hal_uart.h:745:57: note: expected 'UART_HandleTypeDef *' {aka 'struct __UART_HandleTypeDef *'} but argument is of type 'UART_HandleTypeDef' {aka 'struct __UART_HandleTypeDef'}
  745 | HAL_StatusTypeDef HAL_UART_Transmit(UART_HandleTypeDef *huart, const uint8_t *pData, uint16_t Size, uint32_t Timeout);
      |                                     ~~~~~~~~~~~~~~~~~~~~^~~~~
../Core/Src/main.c:299:23: error: incompatible type for argument 1 of 'HAL_UART_Transmit'
  299 |     HAL_UART_Transmit(huart2, (uint8_t*)debug_msg, strlen(debug_msg), 100);
      |                       ^~~~~~
      |                       |
      |                       UART_HandleTypeDef {aka struct __UART_HandleTypeDef}
../Drivers/STM32F4xx_HAL_Driver/Inc/stm32f4xx_hal_uart.h:745:57: note: expected 'UART_HandleTypeDef *' {aka 'struct __UART_HandleTypeDef *'} but argument is of type 'UART_HandleTypeDef' {aka 'struct __UART_HandleTypeDef'}
  745 | HAL_StatusTypeDef HAL_UART_Transmit(UART_HandleTypeDef *huart, const uint8_t *pData, uint16_t Size, uint32_t Timeout);
      |                                     ~~~~~~~~~~~~~~~~~~~~^~~~~
../Core/Src/main.c:300:9: error: 'suart_config' undeclared (first use in this function)
  300 |     if (suart_config.uart1.is_tx_busy) {
      |         ^~~~~~~~~~~~
../Core/Src/main.c:300:9: note: each undeclared identifier is reported only once for each function it appears in
../Core/Src/main.c:304:25: error: incompatible type for argument 1 of 'HAL_UART_Transmit'
  304 |       HAL_UART_Transmit(huart2, (uint8_t*)debug_msg, strlen(debug_msg), 100);
      |                         ^~~~~~
      |                         |
      |                         UART_HandleTypeDef {aka struct __UART_HandleTypeDef}
../Drivers/STM32F4xx_HAL_Driver/Inc/stm32f4xx_hal_uart.h:745:57: note: expected 'UART_HandleTypeDef *' {aka 'struct __UART_HandleTypeDef *'} but argument is of type 'UART_HandleTypeDef' {aka 'struct __UART_HandleTypeDef'}
  745 | HAL_StatusTypeDef HAL_UART_Transmit(UART_HandleTypeDef *huart, const uint8_t *pData, uint16_t Size, uint32_t Timeout);
      |                                     ~~~~~~~~~~~~~~~~~~~~^~~~~
../Core/Src/secure_uart.c: In function 'SecureUart_SendFromUart1':
../Core/Src/secure_uart.c:118:82: warning: ' байт)
   ' directive writing 12 bytes into a region of size between 9 and 15 [-Wformat-overflow=]
  118 |     sprintf(debug_msg, "UART1 -> UART6: отправка %d байт данных (размер фрейма %d байт)\r\n", size, frame_size);
      |                                                                                  ^~~~~~~~~~
../Core/Src/secure_uart.c:118:5: note: 'sprintf' output between 98 and 104 bytes into a destination of size 100
  118 |     sprintf(debug_msg, "UART1 -> UART6: отправка %d байт данных (размер фрейма %d байт)\r\n", size, frame_size);
      |     ^~~~~~~~~~~~~~~~~~~~~~~~~~~~~~~~~~~~~~~~~~~~~~~~~~~~~~~~~~~~~~~~~~~~~~~~~~~~~~~~~~~~~~~~~~~~~~~~~~~~~~~~~~~
../Core/Src/main.c:308:23: error: incompatible type for argument 1 of 'HAL_UART_Transmit'
  308 |     HAL_UART_Transmit(huart2, (uint8_t*)debug_msg, strlen(debug_msg), 100);
      |                       ^~~~~~
      |                       |
      |                       UART_HandleTypeDef {aka struct __UART_HandleTypeDef}
../Drivers/STM32F4xx_HAL_Driver/Inc/stm32f4xx_hal_uart.h:745:57: note: expected 'UART_HandleTypeDef *' {aka 'struct __UART_HandleTypeDef *'} but argument is of type 'UART_HandleTypeDef' {aka 'struct __UART_HandleTypeDef'}
  745 | HAL_StatusTypeDef HAL_UART_Transmit(UART_HandleTypeDef *huart, const uint8_t *pData, uint16_t Size, uint32_t Timeout);
      |                                     ~~~~~~~~~~~~~~~~~~~~^~~~~
../Core/Src/secure_uart.c: In function 'SecureUart_SendFromUart6':
../Core/Src/secure_uart.c:149:82: warning: ' байт)
   ' directive writing 12 bytes into a region of size between 9 and 15 [-Wformat-overflow=]
  149 |     sprintf(debug_msg, "UART6 -> UART1: отправка %d байт данных (размер фрейма %d байт)\r\n", size, frame_size);
      |                                                                                  ^~~~~~~~~~
../Core/Src/secure_uart.c:149:5: note: 'sprintf' output between 98 and 104 bytes into a destination of size 100
  149 |     sprintf(debug_msg, "UART6 -> UART1: отправка %d байт данных (размер фрейма %d байт)\r\n", size, frame_size);
      |     ^~~~~~~~~~~~~~~~~~~~~~~~~~~~~~~~~~~~~~~~~~~~~~~~~~~~~~~~~~~~~~~~~~~~~~~~~~~~~~~~~~~~~~~~~~~~~~~~~~~~~~~~~~~
../Core/Src/main.c:313:25: error: incompatible type for argument 1 of 'HAL_UART_Transmit'
  313 |       HAL_UART_Transmit(huart2, (uint8_t*)debug_msg, strlen(debug_msg), 100);
      |                         ^~~~~~
      |                         |
      |                         UART_HandleTypeDef {aka struct __UART_HandleTypeDef}
../Drivers/STM32F4xx_HAL_Driver/Inc/stm32f4xx_hal_uart.h:745:57: note: expected 'UART_HandleTypeDef *' {aka 'struct __UART_HandleTypeDef *'} but argument is of type 'UART_HandleTypeDef' {aka 'struct __UART_HandleTypeDef'}
  745 | HAL_StatusTypeDef HAL_UART_Transmit(UART_HandleTypeDef *huart, const uint8_t *pData, uint16_t Size, uint32_t Timeout);
      |                                     ~~~~~~~~~~~~~~~~~~~~^~~~~
../Core/Src/main.c: In function 'HAL_UARTEx_RxEventCallback':
../Core/Src/main.c:328:21: error: incompatible type for argument 1 of 'HAL_UART_Transmit'
  328 |   HAL_UART_Transmit(huart2, (uint8_t*)debug_msg, strlen(debug_msg), 100);
      |                     ^~~~~~
      |                     |
      |                     UART_HandleTypeDef {aka struct __UART_HandleTypeDef}
../Drivers/STM32F4xx_HAL_Driver/Inc/stm32f4xx_hal_uart.h:745:57: note: expected 'UART_HandleTypeDef *' {aka 'struct __UART_HandleTypeDef *'} but argument is of type 'UART_HandleTypeDef' {aka 'struct __UART_HandleTypeDef'}
  745 | HAL_StatusTypeDef HAL_UART_Transmit(UART_HandleTypeDef *huart, const uint8_t *pData, uint16_t Size, uint32_t Timeout);
      |                                     ~~~~~~~~~~~~~~~~~~~~^~~~~
../Core/Src/main.c:331:5: error: 'uart1_rx_size' undeclared (first use in this function)
  331 |     uart1_rx_size = Size;
      |     ^~~~~~~~~~~~~
../Core/Src/main.c:333:23: error: incompatible type for argument 1 of 'HAL_UART_Transmit'
  333 |     HAL_UART_Transmit(huart2, (uint8_t*)debug_msg, strlen(debug_msg), 100);
      |                       ^~~~~~
      |                       |
      |                       UART_HandleTypeDef {aka struct __UART_HandleTypeDef}
../Drivers/STM32F4xx_HAL_Driver/Inc/stm32f4xx_hal_uart.h:745:57: note: expected 'UART_HandleTypeDef *' {aka 'struct __UART_HandleTypeDef *'} but argument is of type 'UART_HandleTypeDef' {aka 'struct __UART_HandleTypeDef'}
  745 | HAL_StatusTypeDef HAL_UART_Transmit(UART_HandleTypeDef *huart, const uint8_t *pData, uint16_t Size, uint32_t Timeout);
      |                                     ~~~~~~~~~~~~~~~~~~~~^~~~~
../Core/Src/main.c:336:5: error: 'uart6_rx_size' undeclared (first use in this function)
  336 |     uart6_rx_size = Size;
      |     ^~~~~~~~~~~~~
../Core/Src/main.c:338:23: error: incompatible type for argument 1 of 'HAL_UART_Transmit'
  338 |     HAL_UART_Transmit(huart2, (uint8_t*)debug_msg, strlen(debug_msg), 100);
      |                       ^~~~~~
      |                       |
      |                       UART_HandleTypeDef {aka struct __UART_HandleTypeDef}
../Drivers/STM32F4xx_HAL_Driver/Inc/stm32f4xx_hal_uart.h:745:57: note: expected 'UART_HandleTypeDef *' {aka 'struct __UART_HandleTypeDef *'} but argument is of type 'UART_HandleTypeDef' {aka 'struct __UART_HandleTypeDef'}
  745 | HAL_StatusTypeDef HAL_UART_Transmit(UART_HandleTypeDef *huart, const uint8_t *pData, uint16_t Size, uint32_t Timeout);
      |                                     ~~~~~~~~~~~~~~~~~~~~^~~~~
../Core/Src/main.c: At top level:
../Core/Src/main.c:48:16: warning: 'test_data' defined but not used [-Wunused-variable]
   48 | static uint8_t test_data[TEST_DATA_SIZE];
      |                ^~~~~~~~~
make: *** [Core/Src/subdir.mk:37: Core/Src/main.o] Error 1
make: *** Waiting for unfinished jobs....
"make -j8 all" terminated with exit code 2. Build might be incomplete.

14:00:13 Build Failed. 13 errors, 3 warnings. (took 741ms)

